This file contains any messages produced by compilers while
running configure, to aid debugging if configure makes a mistake.

It was created by CPPGDML configure 2.1.0, which was
generated by GNU Autoconf 2.57.  Invocation command line was

  $ ./configure --with-platform=slc3_ia32_gcc323 --with-xercesc=/afs/cern.ch/sw/lcg/external/XercesC/2.3.0/slc3_ia32_gcc323 --with-clhep=/afs/cern.ch/sw/lcg/external/clhep/1.9.1.2/slc3_ia32_gcc323 --with-geant4=/afs/cern.ch/sw/lcg/external/geant4/7.0.p01/slc3_ia32_gcc323 --with-geant4-include=/afs/cern.ch/sw/lcg/external/geant4/7.0.p01/share/include --with-geant4-libdir=/afs/cern.ch/sw/lcg/external/geant4/7.0.p01/slc3_ia32_gcc323/lib --enable-shared-libs=yes --enable-static-libs=no --enable-geant4-vis=yes --enable-geant4-ui=yes --enable-geant4-granular-libs=no --enable-gdml-verbose=yes --enable-compile-verbose=no

## --------- ##
## Platform. ##
## --------- ##

hostname = pclhcb117.cern.ch
uname -m = i686
uname -r = 2.4.21-27.0.2.EL.cern
uname -s = Linux
uname -v = #1 Thu Jan 20 01:54:42 CET 2005

/usr/bin/uname -p = unknown
/bin/uname -X     = unknown

/bin/arch              = i686
/usr/bin/arch -k       = unknown
/usr/convex/getsysinfo = unknown
hostinfo               = unknown
/bin/machine           = unknown
/usr/bin/oslevel       = unknown
/bin/universe          = unknown

PATH: /afs/cern.ch/user/w/witoldp/bin
PATH: /afs/cern.ch/user/w/witoldp/scripts
PATH: /usr/sue/bin
PATH: /afs/cern.ch/lhcb/bin
PATH: /afs/cern.ch/lhcb/scripts
PATH: /usr/java/j2re1.4.1_01/bin
PATH: /usr/local/bin
PATH: /usr/local/bin/X11
PATH: /usr/bin
PATH: /bin
PATH: /usr/bin/X11
PATH: /cern/pro/bin
PATH: /usr/kerberos/bin
PATH: /usr/X11R6/bin
PATH: .
PATH: /afs/cern.ch/sw/contrib/CMT/v1r16p20040901/Linux-i686
PATH: /usr/X11R6/bin


## ----------- ##
## Core tests. ##
## ----------- ##

configure:1385: checking for g++
configure:1401: found /usr/bin/g++
configure:1411: result: g++
configure:1427: checking for C++ compiler version
configure:1430: g++ --version </dev/null >&5
g++ (GCC) 3.2.3 20030502 (Red Hat Linux 3.2.3-52)
Copyright (C) 2002 Free Software Foundation, Inc.
This is free software; see the source for copying conditions.  There is NO
warranty; not even for MERCHANTABILITY or FITNESS FOR A PARTICULAR PURPOSE.

configure:1433: $? = 0
configure:1435: g++ -v </dev/null >&5
Reading specs from /usr/lib/gcc-lib/i386-redhat-linux/3.2.3/specs
Configured with: ../configure --prefix=/usr --mandir=/usr/share/man --infodir=/usr/share/info --enable-shared --enable-threads=posix --disable-checking --with-system-zlib --enable-__cxa_atexit --host=i386-redhat-linux
Thread model: posix
gcc version 3.2.3 20030502 (Red Hat Linux 3.2.3-52)
configure:1438: $? = 0
configure:1440: g++ -V </dev/null >&5
g++: argument to `-V' missing

configure:1443: $? = 1
configure:1467: checking for C++ compiler default output
configure:1470: g++    conftest.cc  >&5
configure:1473: $? = 0
configure:1519: result: a.out
configure:1524: checking whether the C++ compiler works
configure:1530: ./a.out
configure:1533: $? = 0
configure:1550: result: yes
configure:1557: checking whether we are cross compiling
configure:1559: result: no
configure:1562: checking for suffix of executables
configure:1564: g++ -o conftest    conftest.cc  >&5
configure:1567: $? = 0
configure:1592: result: 
configure:1598: checking for suffix of object files
configure:1620: g++ -c   conftest.cc >&5
configure:1623: $? = 0
configure:1645: result: o
configure:1649: checking whether we are using the GNU C++ compiler
configure:1674: g++ -c   conftest.cc >&5
configure:1677: $? = 0
configure:1680: test -s conftest.o
configure:1683: $? = 0
configure:1696: result: yes
configure:1702: checking whether g++ accepts -g
configure:1724: g++ -c -g  conftest.cc >&5
configure:1727: $? = 0
configure:1730: test -s conftest.o
configure:1733: $? = 0
configure:1744: result: yes
configure:1788: g++ -c   conftest.cc >&5
configure:1791: $? = 0
configure:1794: test -s conftest.o
configure:1797: $? = 0
configure:1824: g++ -c   conftest.cc >&5
configure: In function `int main()':
configure:1819: `exit' undeclared (first use this function)
configure:1819: (Each undeclared identifier is reported only once for each 
   function it appears in.)
configure:1827: $? = 1
configure: failed program was:
| #line 1807 "configure"
| /* confdefs.h.  */
| 
| #define PACKAGE_NAME "CPPGDML"
| #define PACKAGE_TARNAME "cppgdml"
| #define PACKAGE_VERSION "2.1.0"
| #define PACKAGE_STRING "CPPGDML 2.1.0"
| #define PACKAGE_BUGREPORT "jeremym@slac.stanford.edu"
| /* end confdefs.h.  */
| 
| int
| main ()
| {
| exit (42);
|   ;
|   return 0;
| }
configure:1788: g++ -c   conftest.cc >&5
configure:1791: $? = 0
configure:1794: test -s conftest.o
configure:1797: $? = 0
configure:1824: g++ -c   conftest.cc >&5
configure:1827: $? = 0
configure:1830: test -s conftest.o
configure:1833: $? = 0
configure:1902: checking for gcc
configure:1918: found /usr/bin/gcc
configure:1928: result: gcc
configure:2172: checking for C compiler version
configure:2175: gcc --version </dev/null >&5
gcc (GCC) 3.2.3 20030502 (Red Hat Linux 3.2.3-52)
Copyright (C) 2002 Free Software Foundation, Inc.
This is free software; see the source for copying conditions.  There is NO
warranty; not even for MERCHANTABILITY or FITNESS FOR A PARTICULAR PURPOSE.

configure:2178: $? = 0
configure:2180: gcc -v </dev/null >&5
Reading specs from /usr/lib/gcc-lib/i386-redhat-linux/3.2.3/specs
Configured with: ../configure --prefix=/usr --mandir=/usr/share/man --infodir=/usr/share/info --enable-shared --enable-threads=posix --disable-checking --with-system-zlib --enable-__cxa_atexit --host=i386-redhat-linux
Thread model: posix
gcc version 3.2.3 20030502 (Red Hat Linux 3.2.3-52)
configure:2183: $? = 0
configure:2185: gcc -V </dev/null >&5
gcc: argument to `-V' is missing
configure:2188: $? = 1
configure:2191: checking whether we are using the GNU C compiler
configure:2216: gcc -c   conftest.c >&5
configure:2219: $? = 0
configure:2222: test -s conftest.o
configure:2225: $? = 0
configure:2238: result: yes
configure:2244: checking whether gcc accepts -g
configure:2266: gcc -c -g  conftest.c >&5
configure:2269: $? = 0
configure:2272: test -s conftest.o
configure:2275: $? = 0
configure:2286: result: yes
configure:2303: checking for gcc option to accept ANSI C
configure:2364: gcc  -c -g -O2  conftest.c >&5
configure:2367: $? = 0
configure:2370: test -s conftest.o
configure:2373: $? = 0
configure:2391: result: none needed
configure:2409: gcc -c -g -O2  conftest.c >&5
conftest.c:2: syntax error before "me"
configure:2412: $? = 1
configure: failed program was:
| #ifndef __cplusplus
|   choke me
| #endif
configure:2538: checking for supported OS
configure:2556: result: yes
configure:2568: checking the compiler setting
configure:2580: result: g++
configure:2583: checking for the compiler gmk file
configure:2595: result: config/make/compiler/g++.gmk
configure:2607: checking whether to compile and link in verbose mode
configure:2618: result: no
configure:2634: checking for PLATFORM setting
configure:2647: result: slc3_ia32_gcc323
configure:2650: checking for the PLATFORM gmk file
configure:2663: result: config/make/platform/slc3_ia32_gcc323.gmk
configure:2676: checking whether to build shared libs
configure:2692: result: yes
configure:2700: checking whether to build static libs
configure:2716: result: no
configure:2731: checking for libname prefix
configure:2751: result: none
configure:2762: checking for prefix
configure:2771: result: /usr/local
configure:2782: checking whether to enable GDML diagnostic output
configure:2800: result: yes
configure:2812: checking for Xerces-C++ installation setting
configure:2824: result: /afs/cern.ch/sw/lcg/external/XercesC/2.3.0/slc3_ia32_gcc323
configure:2893: checking for /afs/cern.ch/sw/lcg/external/XercesC/2.3.0/slc3_ia32_gcc323/
configure:2908: result: yes
configure:2932: checking for Xerces-C++ include dir setting
configure:2944: result: /afs/cern.ch/sw/lcg/external/XercesC/2.3.0/slc3_ia32_gcc323/include
configure:3013: checking for /afs/cern.ch/sw/lcg/external/XercesC/2.3.0/slc3_ia32_gcc323/include/xercesc/dom/DOM.hpp
configure:3028: result: yes
configure:3051: checking for Xerces-C++ lib dir setting
configure:3063: result: /afs/cern.ch/sw/lcg/external/XercesC/2.3.0/slc3_ia32_gcc323/lib
configure:3132: checking for /afs/cern.ch/sw/lcg/external/XercesC/2.3.0/slc3_ia32_gcc323/lib/
configure:3147: result: yes
configure:3170: checking Xerces-C++ lib name
configure:3189: result: xerces-c
configure:3212: checking for CLHEP installation setting
configure:3224: result: /afs/cern.ch/sw/lcg/external/clhep/1.9.1.2/slc3_ia32_gcc323
configure:3293: checking for /afs/cern.ch/sw/lcg/external/clhep/1.9.1.2/slc3_ia32_gcc323/
configure:3308: result: yes
configure:3331: checking for CLHEP include dir setting
configure:3343: result: /afs/cern.ch/sw/lcg/external/clhep/1.9.1.2/slc3_ia32_gcc323/include
configure:3412: checking for /afs/cern.ch/sw/lcg/external/clhep/1.9.1.2/slc3_ia32_gcc323/include/CLHEP/Evaluator/Evaluator.h
configure:3427: result: yes
configure:3450: checking for CLHEP lib dir setting
configure:3462: result: /afs/cern.ch/sw/lcg/external/clhep/1.9.1.2/slc3_ia32_gcc323/lib
configure:3531: checking for /afs/cern.ch/sw/lcg/external/clhep/1.9.1.2/slc3_ia32_gcc323/lib/
configure:3546: result: yes
configure:3569: checking CLHEP lib name
configure:3588: result: CLHEP
configure:3620: checking for GEANT4 installation setting
configure:3632: result: /afs/cern.ch/sw/lcg/external/geant4/7.0.p01/slc3_ia32_gcc323
configure:3701: checking for /afs/cern.ch/sw/lcg/external/geant4/7.0.p01/slc3_ia32_gcc323/
configure:3716: result: yes
configure:3739: checking for G4SYSTEM setting
configure:3753: result: Linux-g++
configure:3762: checking for Geant4 include dir setting
configure:3774: result: /afs/cern.ch/sw/lcg/external/geant4/7.0.p01/share/include
configure:3843: checking for /afs/cern.ch/sw/lcg/external/geant4/7.0.p01/share/include/G4RunManager.hh
configure:3858: result: yes
configure:3881: checking for Geant4 lib dir
configure:3893: result: /afs/cern.ch/sw/lcg/external/geant4/7.0.p01/slc3_ia32_gcc323/lib
configure:3962: checking for /afs/cern.ch/sw/lcg/external/geant4/7.0.p01/slc3_ia32_gcc323/lib/
configure:3977: result: yes
configure:4000: checking whether to link against Geant4 visualization libs
configure:4019: result: yes
configure:4033: checking whether to link against Geant4 UI libs
configure:4054: result: yes
configure:4068: checking whether to use Geant4 granular libs
configure:4087: result: no
configure:4113: checking how to run the C preprocessor
configure:4149: gcc -E  conftest.c
configure:4155: $? = 0
configure:4187: gcc -E  conftest.c
configure:4190:28: ac_nonexistent.h: No such file or directory
configure:4193: $? = 1
configure: failed program was:
| #line 4178 "configure"
| /* confdefs.h.  */
| 
| #define PACKAGE_NAME "CPPGDML"
| #define PACKAGE_TARNAME "cppgdml"
| #define PACKAGE_VERSION "2.1.0"
| #define PACKAGE_STRING "CPPGDML 2.1.0"
| #define PACKAGE_BUGREPORT "jeremym@slac.stanford.edu"
| #ifdef __cplusplus
| #include <stdlib.h>
| #endif
| #define GDML_VERBOSE 1
| /* end confdefs.h.  */
| #include <ac_nonexistent.h>
configure:4231: result: gcc -E
configure:4256: gcc -E  conftest.c
configure:4262: $? = 0
configure:4294: gcc -E  conftest.c
configure:4297:28: ac_nonexistent.h: No such file or directory
configure:4300: $? = 1
configure: failed program was:
| #line 4285 "configure"
| /* confdefs.h.  */
| 
| #define PACKAGE_NAME "CPPGDML"
| #define PACKAGE_TARNAME "cppgdml"
| #define PACKAGE_VERSION "2.1.0"
| #define PACKAGE_STRING "CPPGDML 2.1.0"
| #define PACKAGE_BUGREPORT "jeremym@slac.stanford.edu"
| #ifdef __cplusplus
| #include <stdlib.h>
| #endif
| #define GDML_VERBOSE 1
| /* end confdefs.h.  */
| #include <ac_nonexistent.h>
configure:4343: checking for egrep
configure:4353: result: grep -E
configure:4358: checking for ANSI C header files
configure:4384: gcc -c -g -O2  conftest.c >&5
configure:4387: $? = 0
configure:4390: test -s conftest.o
configure:4393: $? = 0
configure:4482: gcc -o conftest -g -O2   conftest.c  >&5
configure:4485: $? = 0
configure:4487: ./conftest
configure:4490: $? = 0
configure:4505: result: yes
configure:4529: checking for sys/types.h
configure:4546: gcc -c -g -O2  conftest.c >&5
configure:4549: $? = 0
configure:4552: test -s conftest.o
configure:4555: $? = 0
configure:4566: result: yes
configure:4529: checking for sys/stat.h
configure:4546: gcc -c -g -O2  conftest.c >&5
configure:4549: $? = 0
configure:4552: test -s conftest.o
configure:4555: $? = 0
configure:4566: result: yes
configure:4529: checking for stdlib.h
configure:4546: gcc -c -g -O2  conftest.c >&5
configure:4549: $? = 0
configure:4552: test -s conftest.o
configure:4555: $? = 0
configure:4566: result: yes
configure:4529: checking for string.h
configure:4546: gcc -c -g -O2  conftest.c >&5
configure:4549: $? = 0
configure:4552: test -s conftest.o
configure:4555: $? = 0
configure:4566: result: yes
configure:4529: checking for memory.h
configure:4546: gcc -c -g -O2  conftest.c >&5
configure:4549: $? = 0
configure:4552: test -s conftest.o
configure:4555: $? = 0
configure:4566: result: yes
configure:4529: checking for strings.h
configure:4546: gcc -c -g -O2  conftest.c >&5
configure:4549: $? = 0
configure:4552: test -s conftest.o
configure:4555: $? = 0
configure:4566: result: yes
configure:4529: checking for inttypes.h
configure:4546: gcc -c -g -O2  conftest.c >&5
configure:4549: $? = 0
configure:4552: test -s conftest.o
configure:4555: $? = 0
configure:4566: result: yes
configure:4529: checking for stdint.h
configure:4546: gcc -c -g -O2  conftest.c >&5
configure:4549: $? = 0
configure:4552: test -s conftest.o
configure:4555: $? = 0
configure:4566: result: yes
configure:4529: checking for unistd.h
configure:4546: gcc -c -g -O2  conftest.c >&5
configure:4549: $? = 0
configure:4552: test -s conftest.o
configure:4555: $? = 0
configure:4566: result: yes
configure:4578: checking for stdbool.h that conforms to C99
configure:4632: gcc -c -g -O2  conftest.c >&5
configure:4635: $? = 0
configure:4638: test -s conftest.o
configure:4641: $? = 0
configure:4652: result: yes
configure:4654: checking for _Bool
configure:4679: gcc -c -g -O2  conftest.c >&5
configure:4682: $? = 0
configure:4685: test -s conftest.o
configure:4688: $? = 0
configure:4699: result: yes
configure:4718: checking for an ANSI C-conforming const
configure:4786: gcc -c -g -O2  conftest.c >&5
configure:4789: $? = 0
configure:4792: test -s conftest.o
configure:4795: $? = 0
configure:4806: result: yes
configure:4816: checking for inline
configure:4838: gcc -c -g -O2  conftest.c >&5
configure:4841: $? = 0
configure:4844: test -s conftest.o
configure:4847: $? = 0
configure:4859: result: inline
configure:4874: checking for size_t
configure:4899: gcc -c -g -O2  conftest.c >&5
configure:4902: $? = 0
configure:4905: test -s conftest.o
configure:4908: $? = 0
configure:4919: result: yes
configure:4933: checking for error_at_line
configure:4955: gcc -o conftest -g -O2   conftest.c  >&5
configure:4958: $? = 0
configure:4961: test -s conftest
configure:4964: $? = 0
configure:4975: result: yes
configure:4985: checking for sqrt
configure:5035: gcc -o conftest -g -O2   conftest.c  >&5
configure:5030: warning: conflicting types for built-in function `sqrt'
/tmp/witoldp/ccOd8bnu.o(.text+0x11): In function `main':
/afs/cern.ch/sw/lcg/app/releases/GDML/GDML_2_3_0/src/CPPGDML/configure:5046: undefined reference to `sqrt'
/tmp/witoldp/ccOd8bnu.o(.data+0x0):/afs/cern.ch/sw/lcg/app/releases/GDML/GDML_2_3_0/src/CPPGDML/configure:5045: undefined reference to `sqrt'
collect2: ld returned 1 exit status
configure:5038: $? = 1
configure: failed program was:
| #line 4990 "configure"
| /* confdefs.h.  */
| 
| #define PACKAGE_NAME "CPPGDML"
| #define PACKAGE_TARNAME "cppgdml"
| #define PACKAGE_VERSION "2.1.0"
| #define PACKAGE_STRING "CPPGDML 2.1.0"
| #define PACKAGE_BUGREPORT "jeremym@slac.stanford.edu"
| #ifdef __cplusplus
| #include <stdlib.h>
| #endif
| #define GDML_VERBOSE 1
| #define STDC_HEADERS 1
| #define HAVE_SYS_TYPES_H 1
| #define HAVE_SYS_STAT_H 1
| #define HAVE_STDLIB_H 1
| #define HAVE_STRING_H 1
| #define HAVE_MEMORY_H 1
| #define HAVE_STRINGS_H 1
| #define HAVE_INTTYPES_H 1
| #define HAVE_STDINT_H 1
| #define HAVE_UNISTD_H 1
| #define HAVE__BOOL 1
| #define HAVE_STDBOOL_H 1
| /* end confdefs.h.  */
| /* System header to define __stub macros and hopefully few prototypes,
|     which can conflict with char sqrt (); below.
|     Prefer <limits.h> to <assert.h> if __STDC__ is defined, since
|     <limits.h> exists even on freestanding compilers.  */
| #ifdef __STDC__
| # include <limits.h>
| #else
| # include <assert.h>
| #endif
| /* Override any gcc2 internal prototype to avoid an error.  */
| #ifdef __cplusplus
| extern "C"
| {
| #endif
| /* We use char because int might match the return type of a gcc2
|    builtin and then its argument prototype would still apply.  */
| char sqrt ();
| /* The GNU C library defines this for functions which it implements
|     to always fail with ENOSYS.  Some functions are actually named
|     something starting with __ and the normal name is an alias.  */
| #if defined (__stub_sqrt) || defined (__stub___sqrt)
| choke me
| #else
| char (*f) () = sqrt;
| #endif
| #ifdef __cplusplus
| }
| #endif
| 
| int
| main ()
| {
| return f != sqrt;
|   ;
|   return 0;
| }
configure:5055: result: no
configure:5201: creating ./config.status

## ---------------------- ##
## Running config.status. ##
## ---------------------- ##

This file was extended by CPPGDML config.status 2.1.0, which was
generated by GNU Autoconf 2.57.  Invocation command line was

  CONFIG_FILES    = 
  CONFIG_HEADERS  = 
  CONFIG_LINKS    = 
  CONFIG_COMMANDS = 
  $ ./config.status 

on pclhcb117.cern.ch

config.status:622: creating config/make/local_settings.gmk

## ---------------- ##
## Cache variables. ##
## ---------------- ##

ac_cv_c_compiler_gnu=yes
ac_cv_c_const=yes
ac_cv_c_inline=inline
ac_cv_cxx_compiler_gnu=yes
ac_cv_env_CC_set=
ac_cv_env_CC_value=
ac_cv_env_CFLAGS_set=
ac_cv_env_CFLAGS_value=
ac_cv_env_CPPFLAGS_set=
ac_cv_env_CPPFLAGS_value=
ac_cv_env_CPP_set=
ac_cv_env_CPP_value=
ac_cv_env_CXXFLAGS_set=
ac_cv_env_CXXFLAGS_value=
ac_cv_env_CXX_set=
ac_cv_env_CXX_value=
ac_cv_env_LDFLAGS_set=
ac_cv_env_LDFLAGS_value=
ac_cv_env_build_alias_set=
ac_cv_env_build_alias_value=
ac_cv_env_host_alias_set=
ac_cv_env_host_alias_value=
ac_cv_env_target_alias_set=
ac_cv_env_target_alias_value=
ac_cv_exeext=
ac_cv_file__afs_cern_ch_sw_lcg_external_XercesC_2_3_0_slc3_ia32_gcc323_=yes
ac_cv_file__afs_cern_ch_sw_lcg_external_XercesC_2_3_0_slc3_ia32_gcc323_include_xercesc_dom_DOM_hpp=yes
ac_cv_file__afs_cern_ch_sw_lcg_external_XercesC_2_3_0_slc3_ia32_gcc323_lib_=yes
ac_cv_file__afs_cern_ch_sw_lcg_external_clhep_1_9_1_2_slc3_ia32_gcc323_=yes
ac_cv_file__afs_cern_ch_sw_lcg_external_clhep_1_9_1_2_slc3_ia32_gcc323_include_CLHEP_Evaluator_Evaluator_h=yes
ac_cv_file__afs_cern_ch_sw_lcg_external_clhep_1_9_1_2_slc3_ia32_gcc323_lib_=yes
ac_cv_file__afs_cern_ch_sw_lcg_external_geant4_7_0_p01_share_include_G4RunManager_hh=yes
ac_cv_file__afs_cern_ch_sw_lcg_external_geant4_7_0_p01_slc3_ia32_gcc323_=yes
ac_cv_file__afs_cern_ch_sw_lcg_external_geant4_7_0_p01_slc3_ia32_gcc323_lib_=yes
ac_cv_func_sqrt=no
ac_cv_header_inttypes_h=yes
ac_cv_header_memory_h=yes
ac_cv_header_stdbool_h=yes
ac_cv_header_stdc=yes
ac_cv_header_stdint_h=yes
ac_cv_header_stdlib_h=yes
ac_cv_header_string_h=yes
ac_cv_header_strings_h=yes
ac_cv_header_sys_stat_h=yes
ac_cv_header_sys_types_h=yes
ac_cv_header_unistd_h=yes
ac_cv_lib_error_at_line=yes
ac_cv_objext=o
ac_cv_prog_CPP='gcc -E'
ac_cv_prog_ac_ct_CC=gcc
ac_cv_prog_ac_ct_CXX=g++
ac_cv_prog_cc_g=yes
ac_cv_prog_cc_stdc=
ac_cv_prog_cxx_g=yes
ac_cv_prog_egrep='grep -E'
ac_cv_type__Bool=yes
ac_cv_type_size_t=yes

## ----------------- ##
## Output variables. ##
## ----------------- ##

BUILD_SHARED_LIBS='yes'
BUILD_STATIC_LIBS='no'
CC='gcc'
CFLAGS='-g -O2'
CLHEP_INCLUDE='/afs/cern.ch/sw/lcg/external/clhep/1.9.1.2/slc3_ia32_gcc323/include'
CLHEP_LIBDIR='/afs/cern.ch/sw/lcg/external/clhep/1.9.1.2/slc3_ia32_gcc323/lib'
CLHEP_LIBNAME='CLHEP'
CLHEP_PREFIX='/afs/cern.ch/sw/lcg/external/clhep/1.9.1.2/slc3_ia32_gcc323'
COMPILER='g++'
COMPILER_GMK_FILE='config/make/compiler/g++.gmk'
COMPILE_VERBOSE_USE='no'
CPP='gcc -E'
CPPFLAGS=''
CXX='g++'
CXXFLAGS=''
DEFS='-DPACKAGE_NAME=\"CPPGDML\" -DPACKAGE_TARNAME=\"cppgdml\" -DPACKAGE_VERSION=\"2.1.0\" -DPACKAGE_STRING=\"CPPGDML\ 2.1.0\" -DPACKAGE_BUGREPORT=\"jeremym@slac.stanford.edu\" -DGDML_VERBOSE=1 -DSTDC_HEADERS=1 -DHAVE_SYS_TYPES_H=1 -DHAVE_SYS_STAT_H=1 -DHAVE_STDLIB_H=1 -DHAVE_STRING_H=1 -DHAVE_MEMORY_H=1 -DHAVE_STRINGS_H=1 -DHAVE_INTTYPES_H=1 -DHAVE_STDINT_H=1 -DHAVE_UNISTD_H=1 -DHAVE__BOOL=1 -DHAVE_STDBOOL_H=1 '
ECHO_C=''
ECHO_N='-n'
ECHO_T=''
EGREP='grep -E'
EXEEXT=''
G4SYSTEM='Linux-g++'
GEANT4_INCLUDE='/afs/cern.ch/sw/lcg/external/geant4/7.0.p01/share/include'
GEANT4_LIBDIR='/afs/cern.ch/sw/lcg/external/geant4/7.0.p01/slc3_ia32_gcc323/lib'
GEANT4_PREFIX='/afs/cern.ch/sw/lcg/external/geant4/7.0.p01/slc3_ia32_gcc323'
LDFLAGS=''
LIBOBJS=''
LIBS=''
LTLIBOBJS=''
OBJEXT='o'
PACKAGE_BUGREPORT='jeremym@slac.stanford.edu'
PACKAGE_NAME='CPPGDML'
PACKAGE_STRING='CPPGDML 2.1.0'
PACKAGE_TARNAME='cppgdml'
PACKAGE_VERSION='2.1.0'
PATH_SEPARATOR=':'
PLATFORM='slc3_ia32_gcc323'
PLATFORM_GMK_FILE='config/make/platform/slc3_ia32_gcc323.gmk'
SHELL='/bin/sh'
TARGET_LIB_PREFIX=''
XERCESC_INCLUDE='/afs/cern.ch/sw/lcg/external/XercesC/2.3.0/slc3_ia32_gcc323/include'
XERCESC_LIBDIR='/afs/cern.ch/sw/lcg/external/XercesC/2.3.0/slc3_ia32_gcc323/lib'
XERCESC_LIBNAME='xerces-c'
XERCESC_PREFIX='/afs/cern.ch/sw/lcg/external/XercesC/2.3.0/slc3_ia32_gcc323'
ac_ct_CC='gcc'
ac_ct_CXX='g++'
bindir='${exec_prefix}/bin'
build_alias=''
datadir='${prefix}/share'
exec_prefix='/usr/local'
host_alias=''
includedir='${prefix}/include'
infodir='${prefix}/info'
libdir='${exec_prefix}/lib'
libexecdir='${exec_prefix}/libexec'
localstatedir='${prefix}/var'
mandir='${prefix}/man'
oldincludedir='/usr/include'
prefix='/usr/local'
program_transform_name='s,x,x,'
sbindir='${exec_prefix}/sbin'
sharedstatedir='${prefix}/com'
sysconfdir='${prefix}/etc'
target_alias=''

## ----------- ##
## confdefs.h. ##
## ----------- ##

#define GDML_VERBOSE 1
#define HAVE_INTTYPES_H 1
#define HAVE_MEMORY_H 1
#define HAVE_STDBOOL_H 1
#define HAVE_STDINT_H 1
#define HAVE_STDLIB_H 1
#define HAVE_STRINGS_H 1
#define HAVE_STRING_H 1
#define HAVE_SYS_STAT_H 1
#define HAVE_SYS_TYPES_H 1
#define HAVE_UNISTD_H 1
#define HAVE__BOOL 1
#define PACKAGE_BUGREPORT "jeremym@slac.stanford.edu"
#define PACKAGE_NAME "CPPGDML"
#define PACKAGE_STRING "CPPGDML 2.1.0"
#define PACKAGE_TARNAME "cppgdml"
#define PACKAGE_VERSION "2.1.0"
#define STDC_HEADERS 1
#endif
#ifdef __cplusplus
#include <stdlib.h>

configure: exit 0
